<?xml version="1.0" encoding="UTF-8"?>
<!-- Generated by org.testng.reporters.JUnitReportReporter -->
<testsuite hostname="PHMANRVILLEGA01" failures="0" tests="1" name="test.SampleTest" time="1.517" errors="0" timestamp="2022-06-30T15:54:15 PST" skipped="0">
  <testcase classname="test.SampleTest" name="sampleTest" time="1.517"/>
  <system-out/>
</testsuite> <!-- test.SampleTest -->
